<config xmlns="urn:org:jgroups"
        xmlns:xsi="http://www.w3.org/2001/XMLSchema-instance"
        xsi:schemaLocation="urn:org:jgroups http://www.jgroups.org/schema/JGroups-3.6.xsd">
   <TCP bind_addr="${jgroups.tcp.address:127.0.0.1}"
        bind_port="${jgroups.tcp.port}"
        port_range="5"
        enable_diagnostics="false"
        thread_naming_pattern="pl"
        send_buf_size="640k"
        sock_conn_timeout="300"

        thread_pool.min_threads="${jgroups.thread_pool.min_threads:2}"
        thread_pool.max_threads="${jgroups.thread_pool.max_threads:30}"
        thread_pool.keep_alive_time="60000"
   />
   <BPING dest="${jgroups.tcp.address:127.0.0.1}"
          bind_port="${jgroups.ping.port}"
          port_range="5" 
   />
   <MERGE3 min_interval="500" 
           max_interval="2000" 
   />
   <FD_SOCK />
   <FD_ALL timeout="1500" 
           interval="500" 
           timeout_check_interval="1000" 
   />
   <VERIFY_SUSPECT timeout="1000" />
   <pbcast.NAKACK2 use_mcast_xmit="false"
                   xmit_interval="1000"
                   resend_last_seqno="true"
   />
   <UNICAST3 xmit_interval="500"
             xmit_table_num_rows="50"
             xmit_table_msgs_per_row="1024"
             xmit_table_max_compaction_time="30000"
             conn_expiry_timeout="0"
   />
   <pbcast.STABLE stability_delay="500"
                  desired_avg_gossip="5000"
                  max_bytes="1M"
   />
   <pbcast.GMS print_local_addr="false"
               join_timeout="500"
   />
   <FRAG2 />
</config>
